{"C:\\Users\\cecco\\dbwebb-kurser\\ramverk\\SparkcykelProgram\\pattern_app\\App.js": {"path":"C:\\Users\\cecco\\dbwebb-kurser\\ramverk\\SparkcykelProgram\\pattern_app\\App.js","statementMap":{"0":{"start":{"line":19,"column":14},"end":{"line":19,"column":36}},"1":{"start":{"line":22,"column":2},"end":{"line":38,"column":3}}},"fnMap":{"0":{"name":"App","decl":{"start":{"line":21,"column":24},"end":{"line":21,"column":27}},"loc":{"start":{"line":21,"column":30},"end":{"line":39,"column":1}},"line":21}},"branchMap":{},"s":{"0":1,"1":1},"f":{"0":1},"b":{},"_coverageSchema":"1a1c01bbd47fc00a2c39e90264f33305004495a9","hash":"7e271cfd1f32c1edc6d68341634242c1e2276eec"}
,"C:\\Users\\cecco\\dbwebb-kurser\\ramverk\\SparkcykelProgram\\pattern_app\\src\\components\\BackButton.js": {"path":"C:\\Users\\cecco\\dbwebb-kurser\\ramverk\\SparkcykelProgram\\pattern_app\\src\\components\\BackButton.js","statementMap":{"0":{"start":{"line":6,"column":2},"end":{"line":13,"column":3}},"1":{"start":{"line":16,"column":15},"end":{"line":26,"column":2}}},"fnMap":{"0":{"name":"BackButton","decl":{"start":{"line":5,"column":24},"end":{"line":5,"column":34}},"loc":{"start":{"line":5,"column":47},"end":{"line":14,"column":1}},"line":5}},"branchMap":{},"s":{"0":2,"1":3},"f":{"0":2},"b":{},"_coverageSchema":"1a1c01bbd47fc00a2c39e90264f33305004495a9","hash":"1781e14709725cdbec534e76bdebe5076ec2df10"}
,"C:\\Users\\cecco\\dbwebb-kurser\\ramverk\\SparkcykelProgram\\pattern_app\\src\\components\\Background.js": {"path":"C:\\Users\\cecco\\dbwebb-kurser\\ramverk\\SparkcykelProgram\\pattern_app\\src\\components\\Background.js","statementMap":{"0":{"start":{"line":6,"column":2},"end":{"line":16,"column":3}},"1":{"start":{"line":19,"column":15},"end":{"line":34,"column":2}}},"fnMap":{"0":{"name":"Background","decl":{"start":{"line":5,"column":24},"end":{"line":5,"column":34}},"loc":{"start":{"line":5,"column":49},"end":{"line":17,"column":1}},"line":5}},"branchMap":{},"s":{"0":8,"1":3},"f":{"0":8},"b":{},"_coverageSchema":"1a1c01bbd47fc00a2c39e90264f33305004495a9","hash":"1e65424ea669b87b060928c602e6f99d0e979fce"}
,"C:\\Users\\cecco\\dbwebb-kurser\\ramverk\\SparkcykelProgram\\pattern_app\\src\\components\\Button.js": {"path":"C:\\Users\\cecco\\dbwebb-kurser\\ramverk\\SparkcykelProgram\\pattern_app\\src\\components\\Button.js","statementMap":{"0":{"start":{"line":7,"column":2},"end":{"line":18,"column":3}},"1":{"start":{"line":21,"column":15},"end":{"line":32,"column":2}}},"fnMap":{"0":{"name":"Button","decl":{"start":{"line":6,"column":24},"end":{"line":6,"column":30}},"loc":{"start":{"line":6,"column":58},"end":{"line":19,"column":1}},"line":6}},"branchMap":{"0":{"loc":{"start":{"line":11,"column":8},"end":{"line":11,"column":72}},"type":"binary-expr","locations":[{"start":{"line":11,"column":8},"end":{"line":11,"column":27}},{"start":{"line":11,"column":31},"end":{"line":11,"column":72}}],"line":11}},"s":{"0":11,"1":3},"f":{"0":11},"b":{"0":[11,0]},"_coverageSchema":"1a1c01bbd47fc00a2c39e90264f33305004495a9","hash":"846b879467be64db614bb2edc561e170f7ab7569"}
,"C:\\Users\\cecco\\dbwebb-kurser\\ramverk\\SparkcykelProgram\\pattern_app\\src\\components\\Footer.js": {"path":"C:\\Users\\cecco\\dbwebb-kurser\\ramverk\\SparkcykelProgram\\pattern_app\\src\\components\\Footer.js","statementMap":{"0":{"start":{"line":6,"column":2},"end":{"line":8,"column":14}},"1":{"start":{"line":11,"column":15},"end":{"line":15,"column":2}}},"fnMap":{"0":{"name":"Header","decl":{"start":{"line":5,"column":24},"end":{"line":5,"column":30}},"loc":{"start":{"line":5,"column":38},"end":{"line":9,"column":1}},"line":5}},"branchMap":{},"s":{"0":1,"1":3},"f":{"0":1},"b":{},"_coverageSchema":"1a1c01bbd47fc00a2c39e90264f33305004495a9","hash":"fc72d5f3ef260f53f0c3d224f36032e363cb84d3"}
,"C:\\Users\\cecco\\dbwebb-kurser\\ramverk\\SparkcykelProgram\\pattern_app\\src\\components\\Header.js": {"path":"C:\\Users\\cecco\\dbwebb-kurser\\ramverk\\SparkcykelProgram\\pattern_app\\src\\components\\Header.js","statementMap":{"0":{"start":{"line":7,"column":2},"end":{"line":7,"column":50}},"1":{"start":{"line":10,"column":15},"end":{"line":17,"column":2}}},"fnMap":{"0":{"name":"Header","decl":{"start":{"line":6,"column":24},"end":{"line":6,"column":30}},"loc":{"start":{"line":6,"column":38},"end":{"line":8,"column":1}},"line":6}},"branchMap":{},"s":{"0":7,"1":3},"f":{"0":7},"b":{},"_coverageSchema":"1a1c01bbd47fc00a2c39e90264f33305004495a9","hash":"da374361b65f3897585c78687b88eff5b481708a"}
,"C:\\Users\\cecco\\dbwebb-kurser\\ramverk\\SparkcykelProgram\\pattern_app\\src\\components\\Logo.js": {"path":"C:\\Users\\cecco\\dbwebb-kurser\\ramverk\\SparkcykelProgram\\pattern_app\\src\\components\\Logo.js","statementMap":{"0":{"start":{"line":10,"column":2},"end":{"line":19,"column":3}},"1":{"start":{"line":22,"column":15},"end":{"line":26,"column":2}}},"fnMap":{"0":{"name":"Logo","decl":{"start":{"line":8,"column":24},"end":{"line":8,"column":28}},"loc":{"start":{"line":8,"column":31},"end":{"line":20,"column":1}},"line":8}},"branchMap":{},"s":{"0":5,"1":3},"f":{"0":5},"b":{},"_coverageSchema":"1a1c01bbd47fc00a2c39e90264f33305004495a9","hash":"72057a6c40a1de5a1fc1a8badedb6e5de5605a0e"}
,"C:\\Users\\cecco\\dbwebb-kurser\\ramverk\\SparkcykelProgram\\pattern_app\\src\\components\\Paragraph.js": {"path":"C:\\Users\\cecco\\dbwebb-kurser\\ramverk\\SparkcykelProgram\\pattern_app\\src\\components\\Paragraph.js","statementMap":{"0":{"start":{"line":6,"column":2},"end":{"line":6,"column":48}},"1":{"start":{"line":9,"column":15},"end":{"line":16,"column":2}}},"fnMap":{"0":{"name":"Paragraph","decl":{"start":{"line":5,"column":24},"end":{"line":5,"column":33}},"loc":{"start":{"line":5,"column":41},"end":{"line":7,"column":1}},"line":5}},"branchMap":{},"s":{"0":7,"1":3},"f":{"0":7},"b":{},"_coverageSchema":"1a1c01bbd47fc00a2c39e90264f33305004495a9","hash":"2a52d3104759847bee0809f99074e0e4d2f2ec73"}
,"C:\\Users\\cecco\\dbwebb-kurser\\ramverk\\SparkcykelProgram\\pattern_app\\src\\components\\SettingsButton.js": {"path":"C:\\Users\\cecco\\dbwebb-kurser\\ramverk\\SparkcykelProgram\\pattern_app\\src\\components\\SettingsButton.js","statementMap":{"0":{"start":{"line":5,"column":2},"end":{"line":12,"column":3}},"1":{"start":{"line":15,"column":15},"end":{"line":26,"column":2}}},"fnMap":{"0":{"name":"SettingsButton","decl":{"start":{"line":4,"column":24},"end":{"line":4,"column":38}},"loc":{"start":{"line":4,"column":51},"end":{"line":13,"column":1}},"line":4}},"branchMap":{},"s":{"0":1,"1":2},"f":{"0":1},"b":{},"_coverageSchema":"1a1c01bbd47fc00a2c39e90264f33305004495a9","hash":"9d0a1fceb4e5a0bc9031cce8bfc1cf99b7f389c8"}
,"C:\\Users\\cecco\\dbwebb-kurser\\ramverk\\SparkcykelProgram\\pattern_app\\src\\components\\TextInput.js": {"path":"C:\\Users\\cecco\\dbwebb-kurser\\ramverk\\SparkcykelProgram\\pattern_app\\src\\components\\TextInput.js","statementMap":{"0":{"start":{"line":7,"column":2},"end":{"line":21,"column":3}},"1":{"start":{"line":24,"column":15},"end":{"line":42,"column":2}}},"fnMap":{"0":{"name":"TextInput","decl":{"start":{"line":6,"column":24},"end":{"line":6,"column":33}},"loc":{"start":{"line":6,"column":72},"end":{"line":22,"column":1}},"line":6}},"branchMap":{"0":{"loc":{"start":{"line":16,"column":7},"end":{"line":18,"column":14}},"type":"cond-expr","locations":[{"start":{"line":17,"column":8},"end":{"line":17,"column":61}},{"start":{"line":18,"column":10},"end":{"line":18,"column":14}}],"line":16},"1":{"loc":{"start":{"line":16,"column":7},"end":{"line":16,"column":32}},"type":"binary-expr","locations":[{"start":{"line":16,"column":7},"end":{"line":16,"column":18}},{"start":{"line":16,"column":22},"end":{"line":16,"column":32}}],"line":16},"2":{"loc":{"start":{"line":19,"column":7},"end":{"line":19,"column":71}},"type":"cond-expr","locations":[{"start":{"line":19,"column":19},"end":{"line":19,"column":64}},{"start":{"line":19,"column":67},"end":{"line":19,"column":71}}],"line":19}},"s":{"0":1,"1":3},"f":{"0":1},"b":{"0":[0,1],"1":[1,0],"2":[0,1]},"_coverageSchema":"1a1c01bbd47fc00a2c39e90264f33305004495a9","hash":"f34a2212f6844983846182a8ff63a60708fc2026"}
,"C:\\Users\\cecco\\dbwebb-kurser\\ramverk\\SparkcykelProgram\\pattern_app\\src\\components\\index.js": {"path":"C:\\Users\\cecco\\dbwebb-kurser\\ramverk\\SparkcykelProgram\\pattern_app\\src\\components\\index.js","statementMap":{},"fnMap":{},"branchMap":{},"s":{},"f":{},"b":{},"_coverageSchema":"1a1c01bbd47fc00a2c39e90264f33305004495a9","hash":"5fcf5276a7183ed1dc66f2726cddea85c20be286"}
,"C:\\Users\\cecco\\dbwebb-kurser\\ramverk\\SparkcykelProgram\\pattern_app\\src\\core\\theme.js": {"path":"C:\\Users\\cecco\\dbwebb-kurser\\ramverk\\SparkcykelProgram\\pattern_app\\src\\core\\theme.js","statementMap":{"0":{"start":{"line":3,"column":21},"end":{"line":12,"column":1}}},"fnMap":{},"branchMap":{},"s":{"0":3},"f":{},"b":{},"_coverageSchema":"1a1c01bbd47fc00a2c39e90264f33305004495a9","hash":"9014aa4d58ea868f805dd2729471554433790d90"}
,"C:\\Users\\cecco\\dbwebb-kurser\\ramverk\\SparkcykelProgram\\pattern_app\\src\\functions\\CameraFunctions.js": {"path":"C:\\Users\\cecco\\dbwebb-kurser\\ramverk\\SparkcykelProgram\\pattern_app\\src\\functions\\CameraFunctions.js","statementMap":{"0":{"start":{"line":2,"column":16},"end":{"line":2,"column":42}},"1":{"start":{"line":12,"column":28},"end":{"line":68,"column":3}},"2":{"start":{"line":20,"column":19},"end":{"line":20,"column":57}},"3":{"start":{"line":27,"column":35},"end":{"line":27,"column":55}},"4":{"start":{"line":29,"column":4},"end":{"line":67,"column":5}},"5":{"start":{"line":30,"column":4},"end":{"line":66,"column":5}},"6":{"start":{"line":31,"column":6},"end":{"line":63,"column":7}},"7":{"start":{"line":32,"column":8},"end":{"line":60,"column":12}},"8":{"start":{"line":38,"column":30},"end":{"line":38,"column":45}},"9":{"start":{"line":40,"column":31},"end":{"line":50,"column":13}},"10":{"start":{"line":51,"column":12},"end":{"line":55,"column":13}},"11":{"start":{"line":52,"column":16},"end":{"line":52,"column":66}},"12":{"start":{"line":54,"column":14},"end":{"line":54,"column":33}},"13":{"start":{"line":58,"column":12},"end":{"line":58,"column":31}},"14":{"start":{"line":59,"column":12},"end":{"line":59,"column":49}},"15":{"start":{"line":62,"column":8},"end":{"line":62,"column":80}},"16":{"start":{"line":65,"column":6},"end":{"line":65,"column":39}},"17":{"start":{"line":78,"column":27},"end":{"line":119,"column":3}},"18":{"start":{"line":81,"column":33},"end":{"line":81,"column":55}},"19":{"start":{"line":82,"column":35},"end":{"line":82,"column":55}},"20":{"start":{"line":83,"column":27},"end":{"line":86,"column":5}},"21":{"start":{"line":87,"column":25},"end":{"line":90,"column":5}},"22":{"start":{"line":92,"column":4},"end":{"line":102,"column":8}},"23":{"start":{"line":99,"column":26},"end":{"line":99,"column":41}},"24":{"start":{"line":101,"column":8},"end":{"line":101,"column":27}},"25":{"start":{"line":104,"column":4},"end":{"line":114,"column":8}},"26":{"start":{"line":111,"column":26},"end":{"line":111,"column":41}},"27":{"start":{"line":113,"column":8},"end":{"line":113,"column":27}},"28":{"start":{"line":115,"column":6},"end":{"line":118,"column":7}},"29":{"start":{"line":116,"column":6},"end":{"line":116,"column":78}},"30":{"start":{"line":117,"column":8},"end":{"line":117,"column":121}},"31":{"start":{"line":125,"column":32},"end":{"line":138,"column":3}},"32":{"start":{"line":126,"column":4},"end":{"line":137,"column":6}},"33":{"start":{"line":132,"column":25},"end":{"line":132,"column":54}},"34":{"start":{"line":135,"column":38},"end":{"line":135,"column":73}}},"fnMap":{"0":{"name":"(anonymous_0)","decl":{"start":{"line":12,"column":28},"end":{"line":12,"column":29}},"loc":{"start":{"line":12,"column":58},"end":{"line":68,"column":3}},"line":12},"1":{"name":"(anonymous_1)","decl":{"start":{"line":38,"column":16},"end":{"line":38,"column":17}},"loc":{"start":{"line":38,"column":30},"end":{"line":38,"column":45}},"line":38},"2":{"name":"(anonymous_2)","decl":{"start":{"line":39,"column":16},"end":{"line":39,"column":17}},"loc":{"start":{"line":39,"column":26},"end":{"line":56,"column":11}},"line":39},"3":{"name":"(anonymous_3)","decl":{"start":{"line":57,"column":17},"end":{"line":57,"column":18}},"loc":{"start":{"line":57,"column":28},"end":{"line":60,"column":11}},"line":57},"4":{"name":"(anonymous_4)","decl":{"start":{"line":78,"column":27},"end":{"line":78,"column":28}},"loc":{"start":{"line":78,"column":71},"end":{"line":119,"column":3}},"line":78},"5":{"name":"(anonymous_5)","decl":{"start":{"line":99,"column":12},"end":{"line":99,"column":13}},"loc":{"start":{"line":99,"column":26},"end":{"line":99,"column":41}},"line":99},"6":{"name":"(anonymous_6)","decl":{"start":{"line":100,"column":13},"end":{"line":100,"column":14}},"loc":{"start":{"line":100,"column":24},"end":{"line":102,"column":7}},"line":100},"7":{"name":"(anonymous_7)","decl":{"start":{"line":111,"column":12},"end":{"line":111,"column":13}},"loc":{"start":{"line":111,"column":26},"end":{"line":111,"column":41}},"line":111},"8":{"name":"(anonymous_8)","decl":{"start":{"line":112,"column":13},"end":{"line":112,"column":14}},"loc":{"start":{"line":112,"column":24},"end":{"line":114,"column":7}},"line":112},"9":{"name":"(anonymous_9)","decl":{"start":{"line":125,"column":32},"end":{"line":125,"column":33}},"loc":{"start":{"line":125,"column":62},"end":{"line":138,"column":3}},"line":125},"10":{"name":"(anonymous_10)","decl":{"start":{"line":132,"column":19},"end":{"line":132,"column":20}},"loc":{"start":{"line":132,"column":25},"end":{"line":132,"column":54}},"line":132},"11":{"name":"(anonymous_11)","decl":{"start":{"line":135,"column":32},"end":{"line":135,"column":33}},"loc":{"start":{"line":135,"column":38},"end":{"line":135,"column":73}},"line":135}},"branchMap":{"0":{"loc":{"start":{"line":29,"column":4},"end":{"line":67,"column":5}},"type":"if","locations":[{"start":{"line":29,"column":4},"end":{"line":67,"column":5}},{"start":{},"end":{}}],"line":29},"1":{"loc":{"start":{"line":31,"column":6},"end":{"line":63,"column":7}},"type":"if","locations":[{"start":{"line":31,"column":6},"end":{"line":63,"column":7}},{"start":{"line":61,"column":13},"end":{"line":63,"column":7}}],"line":31},"2":{"loc":{"start":{"line":51,"column":12},"end":{"line":55,"column":13}},"type":"if","locations":[{"start":{"line":51,"column":12},"end":{"line":55,"column":13}},{"start":{"line":53,"column":19},"end":{"line":55,"column":13}}],"line":51},"3":{"loc":{"start":{"line":115,"column":6},"end":{"line":118,"column":7}},"type":"if","locations":[{"start":{"line":115,"column":6},"end":{"line":118,"column":7}},{"start":{},"end":{}}],"line":115}},"s":{"0":3,"1":3,"2":2,"3":2,"4":2,"5":0,"6":0,"7":0,"8":0,"9":0,"10":0,"11":0,"12":0,"13":0,"14":0,"15":0,"16":0,"17":3,"18":1,"19":1,"20":1,"21":1,"22":1,"23":0,"24":0,"25":1,"26":0,"27":0,"28":1,"29":0,"30":0,"31":3,"32":1,"33":0,"34":0},"f":{"0":2,"1":0,"2":0,"3":0,"4":1,"5":0,"6":0,"7":0,"8":0,"9":1,"10":0,"11":0},"b":{"0":[0,2],"1":[0,0],"2":[0,0],"3":[0,1]},"_coverageSchema":"1a1c01bbd47fc00a2c39e90264f33305004495a9","hash":"e48793e373b75464ec16b6c049764117308200d0"}
,"C:\\Users\\cecco\\dbwebb-kurser\\ramverk\\SparkcykelProgram\\pattern_app\\src\\functions\\DriveFunctions.js": {"path":"C:\\Users\\cecco\\dbwebb-kurser\\ramverk\\SparkcykelProgram\\pattern_app\\src\\functions\\DriveFunctions.js","statementMap":{"0":{"start":{"line":13,"column":17},"end":{"line":13,"column":43}},"1":{"start":{"line":14,"column":28},"end":{"line":116,"column":5}},"2":{"start":{"line":18,"column":19},"end":{"line":18,"column":57}},"3":{"start":{"line":25,"column":4},"end":{"line":25,"column":34}},"4":{"start":{"line":26,"column":4},"end":{"line":26,"column":35}},"5":{"start":{"line":27,"column":4},"end":{"line":27,"column":35}},"6":{"start":{"line":29,"column":36},"end":{"line":29,"column":61}},"7":{"start":{"line":30,"column":4},"end":{"line":40,"column":6}},"8":{"start":{"line":37,"column":28},"end":{"line":37,"column":43}},"9":{"start":{"line":39,"column":6},"end":{"line":39,"column":25}},"10":{"start":{"line":42,"column":33},"end":{"line":42,"column":55}},"11":{"start":{"line":43,"column":25},"end":{"line":45,"column":5}},"12":{"start":{"line":46,"column":4},"end":{"line":56,"column":6}},"13":{"start":{"line":53,"column":28},"end":{"line":53,"column":43}},"14":{"start":{"line":55,"column":6},"end":{"line":55,"column":25}},"15":{"start":{"line":59,"column":36},"end":{"line":59,"column":57}},"16":{"start":{"line":60,"column":25},"end":{"line":71,"column":5}},"17":{"start":{"line":72,"column":4},"end":{"line":82,"column":6}},"18":{"start":{"line":79,"column":28},"end":{"line":79,"column":43}},"19":{"start":{"line":81,"column":6},"end":{"line":81,"column":25}},"20":{"start":{"line":85,"column":36},"end":{"line":85,"column":60}},"21":{"start":{"line":86,"column":28},"end":{"line":89,"column":5}},"22":{"start":{"line":90,"column":4},"end":{"line":100,"column":6}},"23":{"start":{"line":97,"column":28},"end":{"line":97,"column":43}},"24":{"start":{"line":99,"column":6},"end":{"line":99,"column":25}},"25":{"start":{"line":101,"column":4},"end":{"line":111,"column":8}},"26":{"start":{"line":107,"column":27},"end":{"line":107,"column":54}},"27":{"start":{"line":112,"column":6},"end":{"line":114,"column":7}},"28":{"start":{"line":113,"column":8},"end":{"line":113,"column":41}}},"fnMap":{"0":{"name":"(anonymous_0)","decl":{"start":{"line":14,"column":28},"end":{"line":14,"column":29}},"loc":{"start":{"line":14,"column":87},"end":{"line":116,"column":5}},"line":14},"1":{"name":"(anonymous_1)","decl":{"start":{"line":37,"column":14},"end":{"line":37,"column":15}},"loc":{"start":{"line":37,"column":28},"end":{"line":37,"column":43}},"line":37},"2":{"name":"(anonymous_2)","decl":{"start":{"line":38,"column":13},"end":{"line":38,"column":14}},"loc":{"start":{"line":38,"column":24},"end":{"line":40,"column":5}},"line":38},"3":{"name":"(anonymous_3)","decl":{"start":{"line":53,"column":14},"end":{"line":53,"column":15}},"loc":{"start":{"line":53,"column":28},"end":{"line":53,"column":43}},"line":53},"4":{"name":"(anonymous_4)","decl":{"start":{"line":54,"column":13},"end":{"line":54,"column":14}},"loc":{"start":{"line":54,"column":24},"end":{"line":56,"column":5}},"line":54},"5":{"name":"(anonymous_5)","decl":{"start":{"line":79,"column":14},"end":{"line":79,"column":15}},"loc":{"start":{"line":79,"column":28},"end":{"line":79,"column":43}},"line":79},"6":{"name":"(anonymous_6)","decl":{"start":{"line":80,"column":13},"end":{"line":80,"column":14}},"loc":{"start":{"line":80,"column":24},"end":{"line":82,"column":5}},"line":80},"7":{"name":"(anonymous_7)","decl":{"start":{"line":97,"column":14},"end":{"line":97,"column":15}},"loc":{"start":{"line":97,"column":28},"end":{"line":97,"column":43}},"line":97},"8":{"name":"(anonymous_8)","decl":{"start":{"line":98,"column":13},"end":{"line":98,"column":14}},"loc":{"start":{"line":98,"column":24},"end":{"line":100,"column":5}},"line":98},"9":{"name":"(anonymous_9)","decl":{"start":{"line":107,"column":21},"end":{"line":107,"column":22}},"loc":{"start":{"line":107,"column":27},"end":{"line":107,"column":54}},"line":107}},"branchMap":{"0":{"loc":{"start":{"line":112,"column":6},"end":{"line":114,"column":7}},"type":"if","locations":[{"start":{"line":112,"column":6},"end":{"line":114,"column":7}},{"start":{},"end":{}}],"line":112}},"s":{"0":3,"1":3,"2":1,"3":1,"4":1,"5":1,"6":1,"7":1,"8":0,"9":0,"10":1,"11":1,"12":1,"13":0,"14":0,"15":1,"16":1,"17":1,"18":0,"19":0,"20":1,"21":1,"22":1,"23":0,"24":0,"25":1,"26":0,"27":1,"28":0},"f":{"0":1,"1":0,"2":0,"3":0,"4":0,"5":0,"6":0,"7":0,"8":0,"9":0},"b":{"0":[0,1]},"_coverageSchema":"1a1c01bbd47fc00a2c39e90264f33305004495a9","hash":"8192aeac318fb9db7ec18f3c017a14c2201bc8e4"}
,"C:\\Users\\cecco\\dbwebb-kurser\\ramverk\\SparkcykelProgram\\pattern_app\\src\\hooks\\fetchFromApi.js": {"path":"C:\\Users\\cecco\\dbwebb-kurser\\ramverk\\SparkcykelProgram\\pattern_app\\src\\hooks\\fetchFromApi.js","statementMap":{"0":{"start":{"line":5,"column":15},"end":{"line":5,"column":41}},"1":{"start":{"line":8,"column":26},"end":{"line":8,"column":44}},"2":{"start":{"line":10,"column":2},"end":{"line":25,"column":8}},"3":{"start":{"line":11,"column":27},"end":{"line":11,"column":55}},"4":{"start":{"line":12,"column":4},"end":{"line":24,"column":8}},"5":{"start":{"line":18,"column":26},"end":{"line":18,"column":41}},"6":{"start":{"line":20,"column":8},"end":{"line":20,"column":26}},"7":{"start":{"line":23,"column":8},"end":{"line":23,"column":27}},"8":{"start":{"line":27,"column":2},"end":{"line":27,"column":14}}},"fnMap":{"0":{"name":"fetchFromApi","decl":{"start":{"line":7,"column":24},"end":{"line":7,"column":36}},"loc":{"start":{"line":7,"column":54},"end":{"line":28,"column":1}},"line":7},"1":{"name":"(anonymous_1)","decl":{"start":{"line":10,"column":18},"end":{"line":10,"column":19}},"loc":{"start":{"line":10,"column":24},"end":{"line":25,"column":3}},"line":10},"2":{"name":"(anonymous_2)","decl":{"start":{"line":18,"column":12},"end":{"line":18,"column":13}},"loc":{"start":{"line":18,"column":26},"end":{"line":18,"column":41}},"line":18},"3":{"name":"(anonymous_3)","decl":{"start":{"line":19,"column":12},"end":{"line":19,"column":13}},"loc":{"start":{"line":19,"column":22},"end":{"line":21,"column":7}},"line":19},"4":{"name":"(anonymous_4)","decl":{"start":{"line":22,"column":13},"end":{"line":22,"column":14}},"loc":{"start":{"line":22,"column":24},"end":{"line":24,"column":7}},"line":22}},"branchMap":{"0":{"loc":{"start":{"line":7,"column":45},"end":{"line":7,"column":52}},"type":"default-arg","locations":[{"start":{"line":7,"column":50},"end":{"line":7,"column":52}}],"line":7}},"s":{"0":3,"1":5,"2":5,"3":3,"4":3,"5":0,"6":0,"7":0,"8":5},"f":{"0":5,"1":3,"2":0,"3":0,"4":0},"b":{"0":[3]},"_coverageSchema":"1a1c01bbd47fc00a2c39e90264f33305004495a9","hash":"700ae98f0cd3173ac2e01520fdb39bf374e074ff"}
,"C:\\Users\\cecco\\dbwebb-kurser\\ramverk\\SparkcykelProgram\\pattern_app\\src\\hooks\\index.js": {"path":"C:\\Users\\cecco\\dbwebb-kurser\\ramverk\\SparkcykelProgram\\pattern_app\\src\\hooks\\index.js","statementMap":{},"fnMap":{},"branchMap":{},"s":{},"f":{},"b":{},"_coverageSchema":"1a1c01bbd47fc00a2c39e90264f33305004495a9","hash":"b7e9abc0154c6a28d7c935d9beb1d7d3b01f2a9e"}
,"C:\\Users\\cecco\\dbwebb-kurser\\ramverk\\SparkcykelProgram\\pattern_app\\src\\hooks\\warmUpBrowser.js": {"path":"C:\\Users\\cecco\\dbwebb-kurser\\ramverk\\SparkcykelProgram\\pattern_app\\src\\hooks\\warmUpBrowser.js","statementMap":{"0":{"start":{"line":7,"column":0},"end":{"line":13,"column":8}},"1":{"start":{"line":8,"column":4},"end":{"line":8,"column":29}},"2":{"start":{"line":10,"column":4},"end":{"line":12,"column":6}},"3":{"start":{"line":11,"column":6},"end":{"line":11,"column":33}}},"fnMap":{"0":{"name":"warmUpBrowser","decl":{"start":{"line":5,"column":24},"end":{"line":5,"column":37}},"loc":{"start":{"line":5,"column":40},"end":{"line":14,"column":1}},"line":5},"1":{"name":"(anonymous_1)","decl":{"start":{"line":7,"column":16},"end":{"line":7,"column":17}},"loc":{"start":{"line":7,"column":22},"end":{"line":13,"column":3}},"line":7},"2":{"name":"(anonymous_2)","decl":{"start":{"line":10,"column":11},"end":{"line":10,"column":12}},"loc":{"start":{"line":10,"column":17},"end":{"line":12,"column":5}},"line":10}},"branchMap":{},"s":{"0":2,"1":1,"2":1,"3":0},"f":{"0":2,"1":1,"2":0},"b":{},"_coverageSchema":"1a1c01bbd47fc00a2c39e90264f33305004495a9","hash":"b81cc115066827d8e88647c3885f34654386cc5d"}
,"C:\\Users\\cecco\\dbwebb-kurser\\ramverk\\SparkcykelProgram\\pattern_app\\src\\screens\\CameraScreen.js": {"path":"C:\\Users\\cecco\\dbwebb-kurser\\ramverk\\SparkcykelProgram\\pattern_app\\src\\screens\\CameraScreen.js","statementMap":{"0":{"start":{"line":23,"column":18},"end":{"line":23,"column":42}},"1":{"start":{"line":24,"column":15},"end":{"line":24,"column":26}},"2":{"start":{"line":25,"column":15},"end":{"line":25,"column":41}},"3":{"start":{"line":28,"column":44},"end":{"line":28,"column":58}},"4":{"start":{"line":29,"column":32},"end":{"line":29,"column":47}},"5":{"start":{"line":34,"column":2},"end":{"line":39,"column":9}},"6":{"start":{"line":35,"column":4},"end":{"line":38,"column":9}},"7":{"start":{"line":36,"column":25},"end":{"line":36,"column":71}},"8":{"start":{"line":37,"column":6},"end":{"line":37,"column":45}},"9":{"start":{"line":46,"column":32},"end":{"line":49,"column":3}},"10":{"start":{"line":47,"column":4},"end":{"line":47,"column":21}},"11":{"start":{"line":48,"column":4},"end":{"line":48,"column":58}},"12":{"start":{"line":55,"column":2},"end":{"line":57,"column":3}},"13":{"start":{"line":56,"column":4},"end":{"line":56,"column":57}},"14":{"start":{"line":58,"column":2},"end":{"line":60,"column":3}},"15":{"start":{"line":59,"column":4},"end":{"line":59,"column":44}},"16":{"start":{"line":61,"column":2},"end":{"line":76,"column":4}},"17":{"start":{"line":65,"column":32},"end":{"line":65,"column":65}},"18":{"start":{"line":71,"column":79},"end":{"line":71,"column":96}},"19":{"start":{"line":80,"column":15},"end":{"line":95,"column":2}}},"fnMap":{"0":{"name":"CameraScreen","decl":{"start":{"line":27,"column":24},"end":{"line":27,"column":36}},"loc":{"start":{"line":27,"column":60},"end":{"line":77,"column":1}},"line":27},"1":{"name":"(anonymous_1)","decl":{"start":{"line":34,"column":12},"end":{"line":34,"column":13}},"loc":{"start":{"line":34,"column":18},"end":{"line":39,"column":3}},"line":34},"2":{"name":"(anonymous_2)","decl":{"start":{"line":35,"column":5},"end":{"line":35,"column":6}},"loc":{"start":{"line":35,"column":17},"end":{"line":38,"column":5}},"line":35},"3":{"name":"(anonymous_3)","decl":{"start":{"line":46,"column":32},"end":{"line":46,"column":33}},"loc":{"start":{"line":46,"column":52},"end":{"line":49,"column":3}},"line":46},"4":{"name":"(anonymous_4)","decl":{"start":{"line":65,"column":26},"end":{"line":65,"column":27}},"loc":{"start":{"line":65,"column":32},"end":{"line":65,"column":65}},"line":65},"5":{"name":"(anonymous_5)","decl":{"start":{"line":71,"column":73},"end":{"line":71,"column":74}},"loc":{"start":{"line":71,"column":79},"end":{"line":71,"column":96}},"line":71}},"branchMap":{"0":{"loc":{"start":{"line":55,"column":2},"end":{"line":57,"column":3}},"type":"if","locations":[{"start":{"line":55,"column":2},"end":{"line":57,"column":3}},{"start":{},"end":{}}],"line":55},"1":{"loc":{"start":{"line":58,"column":2},"end":{"line":60,"column":3}},"type":"if","locations":[{"start":{"line":58,"column":2},"end":{"line":60,"column":3}},{"start":{},"end":{}}],"line":58},"2":{"loc":{"start":{"line":68,"column":26},"end":{"line":68,"column":68}},"type":"cond-expr","locations":[{"start":{"line":68,"column":36},"end":{"line":68,"column":45}},{"start":{"line":68,"column":48},"end":{"line":68,"column":68}}],"line":68},"3":{"loc":{"start":{"line":71,"column":9},"end":{"line":71,"column":100}},"type":"binary-expr","locations":[{"start":{"line":71,"column":9},"end":{"line":71,"column":16}},{"start":{"line":71,"column":20},"end":{"line":71,"column":100}}],"line":71}},"s":{"0":2,"1":2,"2":2,"3":1,"4":1,"5":1,"6":1,"7":1,"8":0,"9":1,"10":0,"11":0,"12":1,"13":1,"14":0,"15":0,"16":0,"17":0,"18":0,"19":2},"f":{"0":1,"1":1,"2":1,"3":0,"4":0,"5":0},"b":{"0":[1,0],"1":[0,0],"2":[0,0],"3":[0,0]},"_coverageSchema":"1a1c01bbd47fc00a2c39e90264f33305004495a9","hash":"1c6b63f66306b0971fa58ba8df5c5a0f23e4e5e0"}
,"C:\\Users\\cecco\\dbwebb-kurser\\ramverk\\SparkcykelProgram\\pattern_app\\src\\screens\\DriveScreen.js": {"path":"C:\\Users\\cecco\\dbwebb-kurser\\ramverk\\SparkcykelProgram\\pattern_app\\src\\screens\\DriveScreen.js","statementMap":{"0":{"start":{"line":18,"column":15},"end":{"line":18,"column":41}},"1":{"start":{"line":19,"column":18},"end":{"line":19,"column":42}},"2":{"start":{"line":20,"column":15},"end":{"line":20,"column":26}},"3":{"start":{"line":22,"column":20},"end":{"line":135,"column":1}},"4":{"start":{"line":23,"column":34},"end":{"line":23,"column":44}},"5":{"start":{"line":24,"column":36},"end":{"line":24,"column":46}},"6":{"start":{"line":25,"column":50},"end":{"line":25,"column":62}},"7":{"start":{"line":26,"column":28},"end":{"line":26,"column":39}},"8":{"start":{"line":27,"column":48},"end":{"line":27,"column":60}},"9":{"start":{"line":29,"column":15},"end":{"line":29,"column":37}},"10":{"start":{"line":33,"column":17},"end":{"line":33,"column":19}},"11":{"start":{"line":34,"column":2},"end":{"line":47,"column":12}},"12":{"start":{"line":35,"column":4},"end":{"line":37,"column":9}},"13":{"start":{"line":36,"column":6},"end":{"line":36,"column":47}},"14":{"start":{"line":39,"column":6},"end":{"line":46,"column":8}},"15":{"start":{"line":40,"column":8},"end":{"line":45,"column":10}},"16":{"start":{"line":48,"column":2},"end":{"line":59,"column":3}},"17":{"start":{"line":49,"column":4},"end":{"line":49,"column":36}},"18":{"start":{"line":50,"column":4},"end":{"line":50,"column":41}},"19":{"start":{"line":51,"column":4},"end":{"line":51,"column":35}},"20":{"start":{"line":53,"column":4},"end":{"line":56,"column":5}},"21":{"start":{"line":57,"column":4},"end":{"line":57,"column":26}},"22":{"start":{"line":58,"column":4},"end":{"line":58,"column":17}},"23":{"start":{"line":66,"column":20},"end":{"line":66,"column":25}},"24":{"start":{"line":67,"column":3},"end":{"line":93,"column":8}},"25":{"start":{"line":68,"column":21},"end":{"line":90,"column":17}},"26":{"start":{"line":69,"column":41},"end":{"line":69,"column":55}},"27":{"start":{"line":70,"column":6},"end":{"line":70,"column":19}},"28":{"start":{"line":71,"column":17},"end":{"line":77,"column":7}},"29":{"start":{"line":79,"column":6},"end":{"line":89,"column":8}},"30":{"start":{"line":86,"column":30},"end":{"line":86,"column":45}},"31":{"start":{"line":88,"column":8},"end":{"line":88,"column":27}},"32":{"start":{"line":92,"column":4},"end":{"line":92,"column":41}},"33":{"start":{"line":92,"column":17},"end":{"line":92,"column":40}},"34":{"start":{"line":95,"column":2},"end":{"line":134,"column":3}},"35":{"start":{"line":101,"column":10},"end":{"line":101,"column":57}},"36":{"start":{"line":102,"column":10},"end":{"line":102,"column":59}},"37":{"start":{"line":103,"column":10},"end":{"line":107,"column":11}},"38":{"start":{"line":104,"column":12},"end":{"line":104,"column":103}},"39":{"start":{"line":105,"column":12},"end":{"line":105,"column":64}},"40":{"start":{"line":115,"column":10},"end":{"line":123,"column":20}},"41":{"start":{"line":122,"column":25},"end":{"line":122,"column":46}},"42":{"start":{"line":129,"column":23},"end":{"line":129,"column":88}},"43":{"start":{"line":137,"column":15},"end":{"line":151,"column":2}}},"fnMap":{"0":{"name":"(anonymous_0)","decl":{"start":{"line":22,"column":20},"end":{"line":22,"column":21}},"loc":{"start":{"line":22,"column":47},"end":{"line":135,"column":1}},"line":22},"1":{"name":"(anonymous_1)","decl":{"start":{"line":34,"column":12},"end":{"line":34,"column":13}},"loc":{"start":{"line":34,"column":18},"end":{"line":47,"column":3}},"line":34},"2":{"name":"(anonymous_2)","decl":{"start":{"line":35,"column":17},"end":{"line":35,"column":18}},"loc":{"start":{"line":35,"column":28},"end":{"line":37,"column":7}},"line":35},"3":{"name":"(anonymous_3)","decl":{"start":{"line":39,"column":30},"end":{"line":39,"column":31}},"loc":{"start":{"line":39,"column":46},"end":{"line":46,"column":7}},"line":39},"4":{"name":"(anonymous_4)","decl":{"start":{"line":67,"column":13},"end":{"line":67,"column":14}},"loc":{"start":{"line":67,"column":19},"end":{"line":93,"column":3}},"line":67},"5":{"name":"(anonymous_5)","decl":{"start":{"line":68,"column":33},"end":{"line":68,"column":34}},"loc":{"start":{"line":68,"column":39},"end":{"line":90,"column":5}},"line":68},"6":{"name":"(anonymous_6)","decl":{"start":{"line":86,"column":16},"end":{"line":86,"column":17}},"loc":{"start":{"line":86,"column":30},"end":{"line":86,"column":45}},"line":86},"7":{"name":"(anonymous_7)","decl":{"start":{"line":87,"column":13},"end":{"line":87,"column":14}},"loc":{"start":{"line":87,"column":24},"end":{"line":89,"column":7}},"line":87},"8":{"name":"(anonymous_8)","decl":{"start":{"line":92,"column":11},"end":{"line":92,"column":12}},"loc":{"start":{"line":92,"column":17},"end":{"line":92,"column":40}},"line":92},"9":{"name":"(anonymous_9)","decl":{"start":{"line":100,"column":30},"end":{"line":100,"column":31}},"loc":{"start":{"line":100,"column":37},"end":{"line":108,"column":9}},"line":100},"10":{"name":"(anonymous_10)","decl":{"start":{"line":114,"column":22},"end":{"line":114,"column":23}},"loc":{"start":{"line":114,"column":47},"end":{"line":124,"column":9}},"line":114},"11":{"name":"(anonymous_11)","decl":{"start":{"line":122,"column":19},"end":{"line":122,"column":20}},"loc":{"start":{"line":122,"column":25},"end":{"line":122,"column":46}},"line":122},"12":{"name":"(anonymous_12)","decl":{"start":{"line":129,"column":17},"end":{"line":129,"column":18}},"loc":{"start":{"line":129,"column":23},"end":{"line":129,"column":88}},"line":129}},"branchMap":{"0":{"loc":{"start":{"line":103,"column":10},"end":{"line":107,"column":11}},"type":"if","locations":[{"start":{"line":103,"column":10},"end":{"line":107,"column":11}},{"start":{},"end":{}}],"line":103},"1":{"loc":{"start":{"line":103,"column":14},"end":{"line":103,"column":35}},"type":"binary-expr","locations":[{"start":{"line":103,"column":14},"end":{"line":103,"column":23}},{"start":{"line":103,"column":27},"end":{"line":103,"column":35}}],"line":103}},"s":{"0":2,"1":2,"2":2,"3":2,"4":1,"5":1,"6":1,"7":1,"8":1,"9":1,"10":1,"11":1,"12":1,"13":0,"14":1,"15":0,"16":1,"17":1,"18":0,"19":0,"20":1,"21":1,"22":1,"23":1,"24":1,"25":1,"26":0,"27":0,"28":0,"29":0,"30":0,"31":0,"32":1,"33":0,"34":1,"35":0,"36":0,"37":0,"38":0,"39":0,"40":0,"41":0,"42":0,"43":2},"f":{"0":1,"1":1,"2":0,"3":0,"4":1,"5":0,"6":0,"7":0,"8":0,"9":0,"10":0,"11":0,"12":0},"b":{"0":[0,0],"1":[0,0]},"_coverageSchema":"1a1c01bbd47fc00a2c39e90264f33305004495a9","hash":"dde9c6a48d2aa6c0a40679be90897aad860887b0"}
,"C:\\Users\\cecco\\dbwebb-kurser\\ramverk\\SparkcykelProgram\\pattern_app\\src\\screens\\LoginScreen.js": {"path":"C:\\Users\\cecco\\dbwebb-kurser\\ramverk\\SparkcykelProgram\\pattern_app\\src\\screens\\LoginScreen.js","statementMap":{"0":{"start":{"line":21,"column":15},"end":{"line":21,"column":41}},"1":{"start":{"line":23,"column":18},"end":{"line":27,"column":1}},"2":{"start":{"line":29,"column":0},"end":{"line":29,"column":38}},"3":{"start":{"line":31,"column":1},"end":{"line":31,"column":16}},"4":{"start":{"line":33,"column":45},"end":{"line":40,"column":5}},"5":{"start":{"line":42,"column":4},"end":{"line":83,"column":19}},"6":{"start":{"line":43,"column":6},"end":{"line":82,"column":7}},"7":{"start":{"line":44,"column":25},"end":{"line":44,"column":40}},"8":{"start":{"line":45,"column":21},"end":{"line":49,"column":9}},"9":{"start":{"line":51,"column":20},"end":{"line":51,"column":65}},"10":{"start":{"line":52,"column":8},"end":{"line":81,"column":13}},"11":{"start":{"line":59,"column":30},"end":{"line":59,"column":45}},"12":{"start":{"line":61,"column":12},"end":{"line":77,"column":13}},"13":{"start":{"line":62,"column":30},"end":{"line":62,"column":59}},"14":{"start":{"line":63,"column":14},"end":{"line":74,"column":18}},"15":{"start":{"line":68,"column":36},"end":{"line":68,"column":51}},"16":{"start":{"line":70,"column":18},"end":{"line":70,"column":39}},"17":{"start":{"line":73,"column":18},"end":{"line":73,"column":39}},"18":{"start":{"line":76,"column":14},"end":{"line":76,"column":54}},"19":{"start":{"line":80,"column":12},"end":{"line":80,"column":33}},"20":{"start":{"line":98,"column":31},"end":{"line":98,"column":53}},"21":{"start":{"line":99,"column":15},"end":{"line":101,"column":5}},"22":{"start":{"line":102,"column":4},"end":{"line":116,"column":8}},"23":{"start":{"line":109,"column":26},"end":{"line":109,"column":41}},"24":{"start":{"line":111,"column":8},"end":{"line":111,"column":57}},"25":{"start":{"line":114,"column":8},"end":{"line":114,"column":20}},"26":{"start":{"line":120,"column":20},"end":{"line":120,"column":56}},"27":{"start":{"line":121,"column":2},"end":{"line":128,"column":3}},"28":{"start":{"line":124,"column":100},"end":{"line":124,"column":128}},"29":{"start":{"line":125,"column":53},"end":{"line":125,"column":81}},"30":{"start":{"line":132,"column":15},"end":{"line":152,"column":2}}},"fnMap":{"0":{"name":"LoginScreen","decl":{"start":{"line":30,"column":24},"end":{"line":30,"column":35}},"loc":{"start":{"line":30,"column":52},"end":{"line":129,"column":1}},"line":30},"1":{"name":"(anonymous_1)","decl":{"start":{"line":42,"column":14},"end":{"line":42,"column":15}},"loc":{"start":{"line":42,"column":20},"end":{"line":83,"column":5}},"line":42},"2":{"name":"(anonymous_2)","decl":{"start":{"line":59,"column":16},"end":{"line":59,"column":17}},"loc":{"start":{"line":59,"column":30},"end":{"line":59,"column":45}},"line":59},"3":{"name":"(anonymous_3)","decl":{"start":{"line":60,"column":16},"end":{"line":60,"column":17}},"loc":{"start":{"line":60,"column":26},"end":{"line":78,"column":11}},"line":60},"4":{"name":"(anonymous_4)","decl":{"start":{"line":68,"column":22},"end":{"line":68,"column":23}},"loc":{"start":{"line":68,"column":36},"end":{"line":68,"column":51}},"line":68},"5":{"name":"(anonymous_5)","decl":{"start":{"line":69,"column":22},"end":{"line":69,"column":23}},"loc":{"start":{"line":69,"column":32},"end":{"line":71,"column":17}},"line":69},"6":{"name":"(anonymous_6)","decl":{"start":{"line":72,"column":23},"end":{"line":72,"column":24}},"loc":{"start":{"line":72,"column":34},"end":{"line":74,"column":17}},"line":72},"7":{"name":"(anonymous_7)","decl":{"start":{"line":79,"column":17},"end":{"line":79,"column":18}},"loc":{"start":{"line":79,"column":28},"end":{"line":81,"column":11}},"line":79},"8":{"name":"LoginUser","decl":{"start":{"line":97,"column":11},"end":{"line":97,"column":20}},"loc":{"start":{"line":97,"column":31},"end":{"line":117,"column":3}},"line":97},"9":{"name":"(anonymous_9)","decl":{"start":{"line":109,"column":12},"end":{"line":109,"column":13}},"loc":{"start":{"line":109,"column":26},"end":{"line":109,"column":41}},"line":109},"10":{"name":"(anonymous_10)","decl":{"start":{"line":110,"column":12},"end":{"line":110,"column":13}},"loc":{"start":{"line":110,"column":22},"end":{"line":112,"column":7}},"line":110},"11":{"name":"(anonymous_11)","decl":{"start":{"line":113,"column":13},"end":{"line":113,"column":14}},"loc":{"start":{"line":113,"column":24},"end":{"line":116,"column":7}},"line":113},"12":{"name":"(anonymous_12)","decl":{"start":{"line":124,"column":94},"end":{"line":124,"column":95}},"loc":{"start":{"line":124,"column":100},"end":{"line":124,"column":128}},"line":124},"13":{"name":"(anonymous_13)","decl":{"start":{"line":125,"column":47},"end":{"line":125,"column":48}},"loc":{"start":{"line":125,"column":53},"end":{"line":125,"column":81}},"line":125}},"branchMap":{"0":{"loc":{"start":{"line":43,"column":6},"end":{"line":82,"column":7}},"type":"if","locations":[{"start":{"line":43,"column":6},"end":{"line":82,"column":7}},{"start":{},"end":{}}],"line":43},"1":{"loc":{"start":{"line":61,"column":12},"end":{"line":77,"column":13}},"type":"if","locations":[{"start":{"line":61,"column":12},"end":{"line":77,"column":13}},{"start":{"line":75,"column":19},"end":{"line":77,"column":13}}],"line":61}},"s":{"0":2,"1":2,"2":2,"3":2,"4":2,"5":2,"6":1,"7":0,"8":0,"9":0,"10":0,"11":0,"12":0,"13":0,"14":0,"15":0,"16":0,"17":0,"18":0,"19":0,"20":0,"21":0,"22":0,"23":0,"24":0,"25":0,"26":2,"27":2,"28":1,"29":1,"30":2},"f":{"0":2,"1":1,"2":0,"3":0,"4":0,"5":0,"6":0,"7":0,"8":0,"9":0,"10":0,"11":0,"12":1,"13":1},"b":{"0":[0,1],"1":[0,0]},"_coverageSchema":"1a1c01bbd47fc00a2c39e90264f33305004495a9","hash":"5c8d55b4f52aa0a74d8e6b91545c38ce0fc295c1"}
,"C:\\Users\\cecco\\dbwebb-kurser\\ramverk\\SparkcykelProgram\\pattern_app\\src\\screens\\MapScreen2.js": {"path":"C:\\Users\\cecco\\dbwebb-kurser\\ramverk\\SparkcykelProgram\\pattern_app\\src\\screens\\MapScreen2.js","statementMap":{"0":{"start":{"line":21,"column":26},"end":{"line":21,"column":50}},"1":{"start":{"line":25,"column":19},"end":{"line":25,"column":42}},"2":{"start":{"line":28,"column":2},"end":{"line":33,"column":3}},"3":{"start":{"line":29,"column":4},"end":{"line":29,"column":73}},"4":{"start":{"line":31,"column":4},"end":{"line":31,"column":53}},"5":{"start":{"line":32,"column":4},"end":{"line":32,"column":50}},"6":{"start":{"line":34,"column":2},"end":{"line":75,"column":3}},"7":{"start":{"line":37,"column":20},"end":{"line":37,"column":57}},"8":{"start":{"line":49,"column":10},"end":{"line":57,"column":19}},"9":{"start":{"line":63,"column":10},"end":{"line":67,"column":11}},"10":{"start":{"line":64,"column":12},"end":{"line":64,"column":71}},"11":{"start":{"line":66,"column":12},"end":{"line":66,"column":33}},"12":{"start":{"line":77,"column":15},"end":{"line":94,"column":2}}},"fnMap":{"0":{"name":"MapScreen2","decl":{"start":{"line":23,"column":24},"end":{"line":23,"column":34}},"loc":{"start":{"line":23,"column":58},"end":{"line":76,"column":1}},"line":23},"1":{"name":"(anonymous_1)","decl":{"start":{"line":37,"column":14},"end":{"line":37,"column":15}},"loc":{"start":{"line":37,"column":20},"end":{"line":37,"column":57}},"line":37},"2":{"name":"(anonymous_2)","decl":{"start":{"line":48,"column":22},"end":{"line":48,"column":23}},"loc":{"start":{"line":49,"column":10},"end":{"line":57,"column":19}},"line":49},"3":{"name":"(anonymous_3)","decl":{"start":{"line":62,"column":17},"end":{"line":62,"column":18}},"loc":{"start":{"line":62,"column":23},"end":{"line":68,"column":9}},"line":62}},"branchMap":{},"s":{"0":2,"1":2,"2":2,"3":2,"4":2,"5":2,"6":2,"7":0,"8":0,"9":1,"10":1,"11":1,"12":2},"f":{"0":2,"1":0,"2":0,"3":1},"b":{},"_coverageSchema":"1a1c01bbd47fc00a2c39e90264f33305004495a9","hash":"93f69451e8e49f22029ea8aec74c7704101d7add"}
,"C:\\Users\\cecco\\dbwebb-kurser\\ramverk\\SparkcykelProgram\\pattern_app\\src\\screens\\SettingsScreen.js": {"path":"C:\\Users\\cecco\\dbwebb-kurser\\ramverk\\SparkcykelProgram\\pattern_app\\src\\screens\\SettingsScreen.js","statementMap":{"0":{"start":{"line":16,"column":2},"end":{"line":21,"column":3}},"1":{"start":{"line":17,"column":4},"end":{"line":17,"column":29}},"2":{"start":{"line":19,"column":4},"end":{"line":19,"column":20}},"3":{"start":{"line":20,"column":4},"end":{"line":20,"column":21}},"4":{"start":{"line":22,"column":2},"end":{"line":68,"column":3}},"5":{"start":{"line":29,"column":10},"end":{"line":33,"column":11}},"6":{"start":{"line":30,"column":12},"end":{"line":30,"column":45}},"7":{"start":{"line":32,"column":12},"end":{"line":32,"column":33}},"8":{"start":{"line":43,"column":10},"end":{"line":47,"column":11}},"9":{"start":{"line":44,"column":12},"end":{"line":44,"column":49}},"10":{"start":{"line":46,"column":12},"end":{"line":46,"column":33}},"11":{"start":{"line":57,"column":10},"end":{"line":61,"column":11}},"12":{"start":{"line":58,"column":12},"end":{"line":58,"column":46}},"13":{"start":{"line":60,"column":12},"end":{"line":60,"column":33}}},"fnMap":{"0":{"name":"SettingsScreen","decl":{"start":{"line":14,"column":24},"end":{"line":14,"column":38}},"loc":{"start":{"line":14,"column":62},"end":{"line":69,"column":1}},"line":14},"1":{"name":"(anonymous_1)","decl":{"start":{"line":28,"column":17},"end":{"line":28,"column":18}},"loc":{"start":{"line":28,"column":23},"end":{"line":34,"column":9}},"line":28},"2":{"name":"(anonymous_2)","decl":{"start":{"line":42,"column":17},"end":{"line":42,"column":18}},"loc":{"start":{"line":42,"column":23},"end":{"line":48,"column":9}},"line":42},"3":{"name":"(anonymous_3)","decl":{"start":{"line":56,"column":17},"end":{"line":56,"column":18}},"loc":{"start":{"line":56,"column":23},"end":{"line":62,"column":9}},"line":56}},"branchMap":{},"s":{"0":3,"1":3,"2":3,"3":3,"4":3,"5":1,"6":1,"7":1,"8":1,"9":1,"10":0,"11":1,"12":1,"13":1},"f":{"0":3,"1":1,"2":1,"3":1},"b":{},"_coverageSchema":"1a1c01bbd47fc00a2c39e90264f33305004495a9","hash":"6e885baf079de2aa6810b9bcb138671f15e45d6d"}
,"C:\\Users\\cecco\\dbwebb-kurser\\ramverk\\SparkcykelProgram\\pattern_app\\src\\screens\\StartScreen.js": {"path":"C:\\Users\\cecco\\dbwebb-kurser\\ramverk\\SparkcykelProgram\\pattern_app\\src\\screens\\StartScreen.js","statementMap":{"0":{"start":{"line":13,"column":2},"end":{"line":60,"column":3}},"1":{"start":{"line":21,"column":10},"end":{"line":25,"column":11}},"2":{"start":{"line":22,"column":12},"end":{"line":22,"column":46}},"3":{"start":{"line":24,"column":12},"end":{"line":24,"column":33}}},"fnMap":{"0":{"name":"StartScreen","decl":{"start":{"line":11,"column":24},"end":{"line":11,"column":35}},"loc":{"start":{"line":11,"column":52},"end":{"line":61,"column":1}},"line":11},"1":{"name":"(anonymous_1)","decl":{"start":{"line":20,"column":17},"end":{"line":20,"column":18}},"loc":{"start":{"line":20,"column":23},"end":{"line":26,"column":9}},"line":20}},"branchMap":{},"s":{"0":3,"1":1,"2":1,"3":1},"f":{"0":3,"1":1},"b":{},"_coverageSchema":"1a1c01bbd47fc00a2c39e90264f33305004495a9","hash":"b08bb83fcace4c8979c95ab8c2017174c0102fd1"}
,"C:\\Users\\cecco\\dbwebb-kurser\\ramverk\\SparkcykelProgram\\pattern_app\\src\\screens\\index.js": {"path":"C:\\Users\\cecco\\dbwebb-kurser\\ramverk\\SparkcykelProgram\\pattern_app\\src\\screens\\index.js","statementMap":{},"fnMap":{},"branchMap":{},"s":{},"f":{},"b":{},"_coverageSchema":"1a1c01bbd47fc00a2c39e90264f33305004495a9","hash":"2835a4d4688dd2c821177554a5c76fc59dec8485"}
}
