TN:
SF:App.js
FN:21,App
FNF:1
FNH:0
FNDA:0,App
DA:19,1
DA:22,0
LF:2
LH:1
BRF:0
BRH:0
end_of_record
TN:
SF:src\components\BackButton.js
FN:5,BackButton
FNF:1
FNH:1
FNDA:1,BackButton
DA:6,1
DA:16,3
LF:2
LH:2
BRF:0
BRH:0
end_of_record
TN:
SF:src\components\Background.js
FN:5,Background
FNF:1
FNH:1
FNDA:4,Background
DA:6,4
DA:19,3
LF:2
LH:2
BRF:0
BRH:0
end_of_record
TN:
SF:src\components\Button.js
FN:6,Button
FNF:1
FNH:1
FNDA:8,Button
DA:7,8
DA:21,3
LF:2
LH:2
BRDA:11,0,0,8
BRDA:11,0,1,0
BRF:2
BRH:1
end_of_record
TN:
SF:src\components\Footer.js
FN:7,Header
FNF:1
FNH:1
FNDA:4,Header
DA:8,4
DA:13,3
LF:2
LH:2
BRF:0
BRH:0
end_of_record
TN:
SF:src\components\Header.js
FN:6,Header
FNF:1
FNH:1
FNDA:4,Header
DA:7,4
DA:10,3
LF:2
LH:2
BRF:0
BRH:0
end_of_record
TN:
SF:src\components\Logo.js
FN:8,Logo
FNF:1
FNH:1
FNDA:3,Logo
DA:10,3
DA:21,3
LF:2
LH:2
BRF:0
BRH:0
end_of_record
TN:
SF:src\components\Paragraph.js
FN:5,Paragraph
FNF:1
FNH:1
FNDA:8,Paragraph
DA:6,8
DA:9,3
LF:2
LH:2
BRF:0
BRH:0
end_of_record
TN:
SF:src\components\SettingsButton.js
FN:4,SettingsButton
FNF:1
FNH:0
FNDA:0,SettingsButton
DA:5,0
DA:15,2
LF:2
LH:1
BRF:0
BRH:0
end_of_record
TN:
SF:src\components\TextInput.js
FN:6,TextInput
FNF:1
FNH:1
FNDA:1,TextInput
DA:7,1
DA:24,1
LF:2
LH:2
BRDA:16,0,0,0
BRDA:16,0,1,1
BRDA:16,1,0,1
BRDA:16,1,1,0
BRDA:19,2,0,0
BRDA:19,2,1,1
BRF:6
BRH:3
end_of_record
TN:
SF:src\core\theme.js
FNF:0
FNH:0
DA:3,3
LF:1
LH:1
BRF:0
BRH:0
end_of_record
TN:
SF:src\screens\CameraScreen.js
FN:23,CameraScreen
FN:32,(anonymous_1)
FN:33,(anonymous_2)
FN:39,(anonymous_3)
FN:46,(anonymous_4)
FN:49,(anonymous_5)
FN:53,(anonymous_6)
FN:58,(anonymous_7)
FN:81,(anonymous_8)
FN:82,(anonymous_9)
FN:100,(anonymous_10)
FN:148,(anonymous_11)
FNF:12
FNH:3
FNDA:1,CameraScreen
FNDA:1,(anonymous_1)
FNDA:1,(anonymous_2)
FNDA:0,(anonymous_3)
FNDA:0,(anonymous_4)
FNDA:0,(anonymous_5)
FNDA:0,(anonymous_6)
FNDA:0,(anonymous_7)
FNDA:0,(anonymous_8)
FNDA:0,(anonymous_9)
FNDA:0,(anonymous_10)
FNDA:0,(anonymous_11)
DA:19,2
DA:20,2
DA:21,2
DA:24,1
DA:25,1
DA:27,1
DA:28,1
DA:30,1
DA:32,1
DA:33,1
DA:34,1
DA:35,0
DA:39,1
DA:40,0
DA:46,0
DA:49,0
DA:53,1
DA:54,0
DA:55,0
DA:58,1
DA:66,0
DA:67,0
DA:68,0
DA:69,0
DA:70,0
DA:72,0
DA:75,0
DA:81,0
DA:83,0
DA:85,0
DA:86,0
DA:96,0
DA:98,0
DA:101,0
DA:102,0
DA:132,1
DA:133,1
DA:135,0
DA:136,0
DA:138,0
DA:148,0
DA:156,2
DA:157,2
LF:43
LH:18
BRDA:132,0,0,1
BRDA:132,0,1,0
BRDA:135,1,0,0
BRDA:135,1,1,0
BRDA:145,2,0,0
BRDA:145,2,1,0
BRDA:148,3,0,0
BRDA:148,3,1,0
BRF:8
BRH:1
end_of_record
TN:
SF:src\screens\DriveScreen.js
FN:25,DriveScreen
FN:49,(anonymous_1)
FN:50,(anonymous_2)
FN:54,(anonymous_3)
FN:60,(anonymous_4)
FN:68,(anonymous_5)
FN:69,(anonymous_6)
FN:72,(anonymous_7)
FN:77,(anonymous_8)
FN:93,(anonymous_9)
FN:100,(anonymous_10)
FN:117,(anonymous_11)
FN:123,(anonymous_12)
FN:136,(anonymous_13)
FN:144,(anonymous_14)
FN:152,(anonymous_15)
FN:164,(anonymous_16)
FN:184,(anonymous_17)
FNF:18
FNH:6
FNDA:1,DriveScreen
FNDA:1,(anonymous_1)
FNDA:0,(anonymous_2)
FNDA:0,(anonymous_3)
FNDA:1,(anonymous_4)
FNDA:0,(anonymous_5)
FNDA:0,(anonymous_6)
FNDA:0,(anonymous_7)
FNDA:1,(anonymous_8)
FNDA:0,(anonymous_9)
FNDA:1,(anonymous_10)
FNDA:0,(anonymous_11)
FNDA:0,(anonymous_12)
FNDA:0,(anonymous_13)
FNDA:0,(anonymous_14)
FNDA:1,(anonymous_15)
FNDA:0,(anonymous_16)
FNDA:0,(anonymous_17)
DA:21,2
DA:22,2
DA:23,2
DA:26,1
DA:27,1
DA:28,1
DA:29,1
DA:30,1
DA:31,1
DA:34,1
DA:35,1
DA:36,0
DA:38,1
DA:39,1
DA:48,1
DA:49,1
DA:50,1
DA:51,0
DA:54,1
DA:60,1
DA:61,1
DA:62,1
DA:68,0
DA:70,0
DA:73,0
DA:77,1
DA:78,1
DA:79,0
DA:80,0
DA:81,0
DA:83,0
DA:88,0
DA:93,0
DA:100,1
DA:101,1
DA:102,0
DA:103,0
DA:105,0
DA:107,0
DA:112,0
DA:117,0
DA:123,1
DA:127,0
DA:128,0
DA:129,0
DA:130,0
DA:131,0
DA:132,0
DA:133,0
DA:134,0
DA:135,0
DA:136,0
DA:138,0
DA:144,0
DA:149,0
DA:152,1
DA:153,1
DA:154,0
DA:156,1
DA:159,1
DA:165,0
DA:166,0
DA:167,0
DA:168,0
DA:169,0
DA:170,0
DA:184,0
DA:192,2
LF:68
LH:30
BRDA:78,0,0,0
BRDA:78,0,1,1
BRDA:101,1,0,0
BRDA:101,1,1,1
BRDA:153,2,0,0
BRDA:153,2,1,1
BRDA:167,3,0,0
BRDA:167,3,1,0
BRDA:167,4,0,0
BRDA:167,4,1,0
BRF:10
BRH:3
end_of_record
TN:
SF:src\screens\LoggedInScreen.js
FN:13,LoggedInScreen
FN:28,(anonymous_1)
FN:34,(anonymous_2)
FN:40,(anonymous_3)
FN:54,(anonymous_4)
FNF:5
FNH:1
FNDA:1,LoggedInScreen
FNDA:0,(anonymous_1)
FNDA:0,(anonymous_2)
FNDA:0,(anonymous_3)
FNDA:0,(anonymous_4)
DA:16,1
DA:17,1
DA:18,0
DA:20,1
DA:21,1
DA:23,1
DA:28,0
DA:34,0
DA:40,0
DA:54,0
LF:10
LH:5
BRF:0
BRH:0
end_of_record
TN:
SF:src\screens\LoginScreen.js
FN:28,LoginScreen
FN:44,(anonymous_1)
FN:65,(anonymous_2)
FN:66,(anonymous_3)
FN:74,(anonymous_4)
FN:75,(anonymous_5)
FN:81,(anonymous_6)
FN:88,(anonymous_7)
FN:99,createUser
FN:109,(anonymous_9)
FN:110,(anonymous_10)
FN:113,(anonymous_11)
FN:117,(anonymous_12)
FN:125,(anonymous_13)
FN:128,(anonymous_14)
FNF:15
FNH:0
FNDA:0,LoginScreen
FNDA:0,(anonymous_1)
FNDA:0,(anonymous_2)
FNDA:0,(anonymous_3)
FNDA:0,(anonymous_4)
FNDA:0,(anonymous_5)
FNDA:0,(anonymous_6)
FNDA:0,(anonymous_7)
FNDA:0,createUser
FNDA:0,(anonymous_9)
FNDA:0,(anonymous_10)
FNDA:0,(anonymous_11)
FNDA:0,(anonymous_12)
FNDA:0,(anonymous_13)
FNDA:0,(anonymous_14)
DA:19,2
DA:21,2
DA:27,2
DA:32,0
DA:44,0
DA:45,0
DA:46,0
DA:47,0
DA:49,0
DA:50,0
DA:51,0
DA:57,0
DA:58,0
DA:65,0
DA:67,0
DA:68,0
DA:69,0
DA:70,0
DA:74,0
DA:76,0
DA:79,0
DA:82,0
DA:85,0
DA:89,0
DA:100,0
DA:101,0
DA:106,0
DA:109,0
DA:111,0
DA:115,0
DA:118,0
DA:121,0
DA:122,0
DA:125,0
DA:128,0
DA:135,2
LF:36
LH:4
BRDA:45,0,0,0
BRDA:45,0,1,0
BRDA:49,1,0,0
BRDA:49,1,1,0
BRDA:67,2,0,0
BRDA:67,2,1,0
BRF:6
BRH:0
end_of_record
TN:
SF:src\screens\MapScreen.js
FN:22,MapScreen
FN:30,(anonymous_1)
FN:41,(anonymous_2)
FN:42,(anonymous_3)
FN:46,(anonymous_4)
FN:57,(anonymous_5)
FN:58,(anonymous_6)
FN:62,(anonymous_7)
FN:68,showBikes
FN:83,showParkingZone
FN:100,(anonymous_10)
FN:106,showChargingPosts
FN:122,(anonymous_12)
FN:129,changeState
FN:153,(anonymous_14)
FN:158,(anonymous_15)
FN:163,(anonymous_16)
FNF:17
FNH:0
FNDA:0,MapScreen
FNDA:0,(anonymous_1)
FNDA:0,(anonymous_2)
FNDA:0,(anonymous_3)
FNDA:0,(anonymous_4)
FNDA:0,(anonymous_5)
FNDA:0,(anonymous_6)
FNDA:0,(anonymous_7)
FNDA:0,showBikes
FNDA:0,showParkingZone
FNDA:0,(anonymous_10)
FNDA:0,showChargingPosts
FNDA:0,(anonymous_12)
FNDA:0,changeState
FNDA:0,(anonymous_14)
FNDA:0,(anonymous_15)
FNDA:0,(anonymous_16)
DA:18,2
DA:19,2
DA:20,2
DA:23,0
DA:24,0
DA:25,0
DA:26,0
DA:27,0
DA:30,0
DA:31,0
DA:32,0
DA:35,0
DA:41,0
DA:43,0
DA:47,0
DA:51,0
DA:57,0
DA:59,0
DA:63,0
DA:69,0
DA:70,0
DA:71,0
DA:84,0
DA:85,0
DA:86,0
DA:88,0
DA:90,0
DA:95,0
DA:100,0
DA:107,0
DA:108,0
DA:109,0
DA:110,0
DA:112,0
DA:117,0
DA:122,0
DA:130,0
DA:131,0
DA:133,0
DA:137,0
DA:153,0
DA:158,0
DA:163,0
DA:171,2
LF:44
LH:4
BRDA:69,0,0,0
BRDA:69,0,1,0
BRDA:69,1,0,0
BRDA:69,1,1,0
BRDA:84,2,0,0
BRDA:84,2,1,0
BRDA:84,3,0,0
BRDA:84,3,1,0
BRDA:107,4,0,0
BRDA:107,4,1,0
BRDA:107,5,0,0
BRDA:107,5,1,0
BRDA:130,6,0,0
BRDA:130,6,1,0
BRF:14
BRH:0
end_of_record
TN:
SF:src\screens\MapScreen2.js
FN:24,MapScreen
FN:27,(anonymous_1)
FN:38,(anonymous_2)
FN:39,(anonymous_3)
FN:43,(anonymous_4)
FN:48,markerIcon
FN:54,showBikes
FN:76,(anonymous_7)
FN:88,(anonymous_8)
FNF:9
FNH:0
FNDA:0,MapScreen
FNDA:0,(anonymous_1)
FNDA:0,(anonymous_2)
FNDA:0,(anonymous_3)
FNDA:0,(anonymous_4)
FNDA:0,markerIcon
FNDA:0,showBikes
FNDA:0,(anonymous_7)
FNDA:0,(anonymous_8)
DA:21,2
DA:22,2
DA:25,0
DA:27,0
DA:28,0
DA:32,0
DA:38,0
DA:40,0
DA:44,0
DA:49,0
DA:55,0
DA:56,0
DA:57,0
DA:74,0
DA:76,0
DA:88,0
DA:97,2
LF:17
LH:3
BRDA:55,0,0,0
BRDA:55,0,1,0
BRF:2
BRH:0
end_of_record
TN:
SF:src\screens\StartScreen.js
FN:13,StartScreen
FN:21,(anonymous_1)
FN:28,(anonymous_2)
FNF:3
FNH:1
FNDA:1,StartScreen
FNDA:0,(anonymous_1)
FNDA:0,(anonymous_2)
DA:15,1
DA:21,0
DA:28,0
DA:39,2
LF:4
LH:2
BRF:0
BRH:0
end_of_record
TN:
SF:src\screens\index.js
FNF:0
FNH:0
LF:0
LH:0
BRF:0
BRH:0
end_of_record
