TN:
SF:App.js
FN:21,App
FNF:1
FNH:1
FNDA:1,App
DA:19,1
DA:22,1
LF:2
LH:2
BRF:0
BRH:0
end_of_record
TN:
SF:src\components\BackButton.js
FN:5,BackButton
FNF:1
FNH:1
FNDA:2,BackButton
DA:6,2
DA:16,3
LF:2
LH:2
BRF:0
BRH:0
end_of_record
TN:
SF:src\components\Background.js
FN:7,Background
FNF:1
FNH:1
FNDA:6,Background
DA:8,6
DA:21,3
LF:2
LH:2
BRF:0
BRH:0
end_of_record
TN:
SF:src\components\Button.js
FN:6,Button
FNF:1
FNH:1
FNDA:7,Button
DA:7,7
DA:21,3
LF:2
LH:2
BRDA:11,0,0,7
BRDA:11,0,1,0
BRF:2
BRH:1
end_of_record
TN:
SF:src\components\ErrorBoundary.js
FN:3,(anonymous_0)
FN:8,(anonymous_1)
FN:13,(anonymous_2)
FN:18,(anonymous_3)
FNF:4
FNH:2
FNDA:5,(anonymous_0)
FNDA:0,(anonymous_1)
FNDA:0,(anonymous_2)
FNDA:5,(anonymous_3)
DA:4,5
DA:5,5
DA:10,0
DA:15,0
DA:19,5
DA:21,0
DA:24,5
LF:7
LH:4
BRDA:19,0,0,0
BRDA:19,0,1,5
BRF:2
BRH:1
end_of_record
TN:
SF:src\components\Footer.js
FN:5,Header
FNF:1
FNH:1
FNDA:1,Header
DA:6,1
DA:11,3
LF:2
LH:2
BRF:0
BRH:0
end_of_record
TN:
SF:src\components\Header.js
FN:6,Header
FNF:1
FNH:1
FNDA:5,Header
DA:7,5
DA:10,3
LF:2
LH:2
BRF:0
BRH:0
end_of_record
TN:
SF:src\components\Logo.js
FN:8,Logo
FNF:1
FNH:1
FNDA:3,Logo
DA:10,3
DA:22,3
LF:2
LH:2
BRF:0
BRH:0
end_of_record
TN:
SF:src\components\Paragraph.js
FN:5,Paragraph
FNF:1
FNH:1
FNDA:5,Paragraph
DA:6,5
DA:9,3
LF:2
LH:2
BRF:0
BRH:0
end_of_record
TN:
SF:src\components\SettingsButton.js
FN:4,SettingsButton
FNF:1
FNH:1
FNDA:1,SettingsButton
DA:5,1
DA:15,2
LF:2
LH:2
BRF:0
BRH:0
end_of_record
TN:
SF:src\components\TextInput.js
FN:6,TextInput
FNF:1
FNH:1
FNDA:1,TextInput
DA:7,1
DA:24,3
LF:2
LH:2
BRDA:16,0,0,0
BRDA:16,0,1,1
BRDA:16,1,0,1
BRDA:16,1,1,0
BRDA:19,2,0,0
BRDA:19,2,1,1
BRF:6
BRH:3
end_of_record
TN:
SF:src\components\index.js
FNF:0
FNH:0
LF:0
LH:0
BRF:0
BRH:0
end_of_record
TN:
SF:src\core\theme.js
FNF:0
FNH:0
DA:3,3
LF:1
LH:1
BRF:0
BRH:0
end_of_record
TN:
SF:src\functions\CameraFunctions.js
FN:12,(anonymous_0)
FN:38,(anonymous_1)
FN:39,(anonymous_2)
FN:57,(anonymous_3)
FN:78,(anonymous_4)
FN:99,(anonymous_5)
FN:100,(anonymous_6)
FN:111,(anonymous_7)
FN:112,(anonymous_8)
FN:125,(anonymous_9)
FN:132,(anonymous_10)
FN:135,(anonymous_11)
FNF:12
FNH:3
FNDA:2,(anonymous_0)
FNDA:0,(anonymous_1)
FNDA:0,(anonymous_2)
FNDA:0,(anonymous_3)
FNDA:1,(anonymous_4)
FNDA:0,(anonymous_5)
FNDA:0,(anonymous_6)
FNDA:0,(anonymous_7)
FNDA:0,(anonymous_8)
FNDA:1,(anonymous_9)
FNDA:0,(anonymous_10)
FNDA:0,(anonymous_11)
DA:2,3
DA:12,3
DA:20,2
DA:27,2
DA:29,2
DA:30,0
DA:31,0
DA:32,0
DA:38,0
DA:40,0
DA:51,0
DA:52,0
DA:54,0
DA:58,0
DA:59,0
DA:62,0
DA:65,0
DA:78,3
DA:81,1
DA:82,1
DA:83,1
DA:87,1
DA:92,1
DA:99,0
DA:101,0
DA:104,1
DA:111,0
DA:113,0
DA:115,1
DA:116,0
DA:117,0
DA:125,3
DA:126,1
DA:132,0
DA:135,0
LF:35
LH:15
BRDA:29,0,0,0
BRDA:29,0,1,2
BRDA:31,1,0,0
BRDA:31,1,1,0
BRDA:51,2,0,0
BRDA:51,2,1,0
BRDA:115,3,0,0
BRDA:115,3,1,1
BRF:8
BRH:2
end_of_record
TN:
SF:src\functions\DriveFunctions.js
FN:14,(anonymous_0)
FN:37,(anonymous_1)
FN:38,(anonymous_2)
FN:53,(anonymous_3)
FN:54,(anonymous_4)
FN:79,(anonymous_5)
FN:80,(anonymous_6)
FN:97,(anonymous_7)
FN:98,(anonymous_8)
FN:107,(anonymous_9)
FNF:10
FNH:1
FNDA:1,(anonymous_0)
FNDA:0,(anonymous_1)
FNDA:0,(anonymous_2)
FNDA:0,(anonymous_3)
FNDA:0,(anonymous_4)
FNDA:0,(anonymous_5)
FNDA:0,(anonymous_6)
FNDA:0,(anonymous_7)
FNDA:0,(anonymous_8)
FNDA:0,(anonymous_9)
DA:13,3
DA:14,3
DA:18,1
DA:25,1
DA:26,1
DA:27,1
DA:29,1
DA:30,1
DA:37,0
DA:39,0
DA:42,1
DA:43,1
DA:46,1
DA:53,0
DA:55,0
DA:59,1
DA:60,1
DA:72,1
DA:79,0
DA:81,0
DA:85,1
DA:86,1
DA:90,1
DA:97,0
DA:99,0
DA:101,1
DA:107,0
DA:112,1
DA:113,0
LF:29
LH:19
BRDA:112,0,0,0
BRDA:112,0,1,1
BRF:2
BRH:1
end_of_record
TN:
SF:src\hooks\fetchFromApi.js
FN:7,fetchFromApi
FN:10,(anonymous_1)
FN:18,(anonymous_2)
FN:19,(anonymous_3)
FN:22,(anonymous_4)
FN:29,cleanup
FNF:6
FNH:2
FNDA:5,fetchFromApi
FNDA:3,(anonymous_1)
FNDA:0,(anonymous_2)
FNDA:0,(anonymous_3)
FNDA:0,(anonymous_4)
FNDA:0,cleanup
DA:5,3
DA:8,5
DA:10,5
DA:11,3
DA:12,3
DA:18,0
DA:20,0
DA:23,0
DA:24,0
DA:26,0
DA:29,3
DA:30,0
DA:34,5
LF:13
LH:7
BRDA:7,0,0,3
BRDA:23,1,0,0
BRDA:23,1,1,0
BRF:3
BRH:1
end_of_record
TN:
SF:src\hooks\index.js
FNF:0
FNH:0
LF:0
LH:0
BRF:0
BRH:0
end_of_record
TN:
SF:src\hooks\warmUpBrowser.js
FN:5,warmUpBrowser
FN:7,(anonymous_1)
FN:10,(anonymous_2)
FNF:3
FNH:2
FNDA:2,warmUpBrowser
FNDA:1,(anonymous_1)
FNDA:0,(anonymous_2)
DA:7,2
DA:8,1
DA:10,1
DA:11,0
LF:4
LH:3
BRF:0
BRH:0
end_of_record
TN:
SF:src\screens\CameraScreen.js
FN:28,CameraScreen
FN:35,(anonymous_1)
FN:36,(anonymous_2)
FN:47,(anonymous_3)
FN:67,(anonymous_4)
FN:73,(anonymous_5)
FNF:6
FNH:3
FNDA:1,CameraScreen
FNDA:1,(anonymous_1)
FNDA:1,(anonymous_2)
FNDA:0,(anonymous_3)
FNDA:0,(anonymous_4)
FNDA:0,(anonymous_5)
DA:24,2
DA:25,2
DA:26,2
DA:29,1
DA:30,1
DA:35,1
DA:36,1
DA:37,1
DA:38,0
DA:47,1
DA:48,0
DA:49,0
DA:56,1
DA:57,1
DA:59,0
DA:60,0
DA:62,0
DA:67,0
DA:73,0
DA:83,2
LF:20
LH:12
BRDA:56,0,0,1
BRDA:56,0,1,0
BRDA:59,1,0,0
BRDA:59,1,1,0
BRDA:70,2,0,0
BRDA:70,2,1,0
BRDA:73,3,0,0
BRDA:73,3,1,0
BRF:8
BRH:1
end_of_record
TN:
SF:src\screens\DriveScreen.js
FN:23,(anonymous_0)
FN:35,(anonymous_1)
FN:36,(anonymous_2)
FN:40,(anonymous_3)
FN:68,(anonymous_4)
FN:69,(anonymous_5)
FN:87,(anonymous_6)
FN:88,(anonymous_7)
FN:93,(anonymous_8)
FN:102,(anonymous_9)
FN:116,(anonymous_10)
FN:124,(anonymous_11)
FN:131,(anonymous_12)
FNF:13
FNH:3
FNDA:1,(anonymous_0)
FNDA:1,(anonymous_1)
FNDA:0,(anonymous_2)
FNDA:0,(anonymous_3)
FNDA:1,(anonymous_4)
FNDA:0,(anonymous_5)
FNDA:0,(anonymous_6)
FNDA:0,(anonymous_7)
FNDA:0,(anonymous_8)
FNDA:0,(anonymous_9)
FNDA:0,(anonymous_10)
FNDA:0,(anonymous_11)
FNDA:0,(anonymous_12)
DA:19,2
DA:20,2
DA:21,2
DA:23,2
DA:24,1
DA:25,1
DA:26,1
DA:27,1
DA:28,1
DA:30,1
DA:34,1
DA:35,1
DA:36,1
DA:37,0
DA:40,1
DA:41,0
DA:49,1
DA:50,1
DA:51,0
DA:52,0
DA:54,1
DA:58,1
DA:59,1
DA:67,1
DA:68,1
DA:69,1
DA:70,0
DA:71,0
DA:72,0
DA:80,0
DA:87,0
DA:89,0
DA:93,1
DA:96,1
DA:103,0
DA:104,0
DA:105,0
DA:106,0
DA:107,0
DA:117,0
DA:124,0
DA:131,0
DA:140,2
LF:43
LH:25
BRDA:105,0,0,0
BRDA:105,0,1,0
BRDA:105,1,0,0
BRDA:105,1,1,0
BRF:4
BRH:0
end_of_record
TN:
SF:src\screens\LoginScreen.js
FN:37,LoginScreen
FN:49,(anonymous_1)
FN:66,(anonymous_2)
FN:67,(anonymous_3)
FN:75,(anonymous_4)
FN:76,(anonymous_5)
FN:79,(anonymous_6)
FN:86,(anonymous_7)
FN:104,LoginUser
FN:116,(anonymous_9)
FN:117,(anonymous_10)
FN:120,(anonymous_11)
FN:132,(anonymous_12)
FN:133,(anonymous_13)
FNF:14
FNH:4
FNDA:2,LoginScreen
FNDA:1,(anonymous_1)
FNDA:0,(anonymous_2)
FNDA:0,(anonymous_3)
FNDA:0,(anonymous_4)
FNDA:0,(anonymous_5)
FNDA:0,(anonymous_6)
FNDA:0,(anonymous_7)
FNDA:0,LoginUser
FNDA:0,(anonymous_9)
FNDA:0,(anonymous_10)
FNDA:0,(anonymous_11)
FNDA:1,(anonymous_12)
FNDA:1,(anonymous_13)
DA:21,2
DA:23,2
DA:24,2
DA:26,0
DA:28,2
DA:29,2
DA:30,2
DA:36,2
DA:38,2
DA:40,2
DA:49,2
DA:50,1
DA:51,0
DA:52,0
DA:58,0
DA:59,0
DA:66,0
DA:68,0
DA:69,0
DA:70,0
DA:75,0
DA:77,0
DA:80,0
DA:83,0
DA:87,0
DA:105,0
DA:106,0
DA:109,0
DA:116,0
DA:118,0
DA:121,0
DA:127,2
DA:128,2
DA:132,1
DA:133,1
DA:141,2
LF:36
LH:16
BRDA:28,0,0,2
BRDA:28,0,1,2
BRDA:29,1,0,2
BRDA:29,1,1,2
BRDA:50,2,0,0
BRDA:50,2,1,1
BRDA:68,3,0,0
BRDA:68,3,1,0
BRF:8
BRH:5
end_of_record
TN:
SF:src\screens\MapScreen2.js
FN:24,MapScreen2
FN:39,(anonymous_1)
FN:50,(anonymous_2)
FN:64,(anonymous_3)
FNF:4
FNH:2
FNDA:2,MapScreen2
FNDA:0,(anonymous_1)
FNDA:0,(anonymous_2)
FNDA:1,(anonymous_3)
DA:22,2
DA:26,2
DA:29,2
DA:30,2
DA:32,2
DA:33,2
DA:35,2
DA:39,0
DA:51,0
DA:65,1
DA:66,1
DA:68,1
DA:80,2
LF:13
LH:11
BRF:0
BRH:0
end_of_record
TN:
SF:src\screens\SettingsScreen.js
FN:14,SettingsScreen
FN:29,(anonymous_1)
FN:43,(anonymous_2)
FN:57,(anonymous_3)
FNF:4
FNH:4
FNDA:2,SettingsScreen
FNDA:1,(anonymous_1)
FNDA:1,(anonymous_2)
FNDA:1,(anonymous_3)
DA:16,2
DA:17,2
DA:19,2
DA:20,2
DA:22,2
DA:30,1
DA:31,1
DA:33,1
DA:44,1
DA:45,1
DA:47,0
DA:58,1
DA:59,1
DA:61,1
LF:14
LH:13
BRF:0
BRH:0
end_of_record
TN:
SF:src\screens\StartScreen.js
FN:11,StartScreen
FN:21,(anonymous_1)
FNF:2
FNH:2
FNDA:2,StartScreen
FNDA:1,(anonymous_1)
DA:13,2
DA:22,1
DA:23,1
DA:25,1
LF:4
LH:4
BRF:0
BRH:0
end_of_record
TN:
SF:src\screens\index.js
FNF:0
FNH:0
LF:0
LH:0
BRF:0
BRH:0
end_of_record
